{
  "stats": {
    "suites": 0,
    "tests": 1,
    "passes": 1,
    "pending": 0,
    "failures": 0,
    "start": "2022-11-08T14:21:38.181Z",
    "end": "2022-11-08T14:22:23.220Z",
    "duration": 45039,
    "testsRegistered": 1,
    "passPercent": 100,
    "pendingPercent": 0,
    "other": 0,
    "hasOther": false,
    "skipped": 0,
    "hasSkipped": false
  },
  "results": [
    {
      "uuid": "eabebc98-9858-4b05-8412-cafe66259189",
      "title": "",
      "fullFile": "cypress\\e2e\\test1.cy.js",
      "file": "cypress\\e2e\\test1.cy.js",
      "beforeHooks": [],
      "afterHooks": [],
      "tests": [
        {
          "title": "Google Search",
          "fullTitle": "Google Search",
          "timedOut": null,
          "duration": 39198,
          "state": "passed",
          "speed": "slow",
          "pass": true,
          "fail": false,
          "pending": false,
          "context": null,
          "code": "cy.visit('https://google.com');\ncy.get('.gLFyf').type('Automation step by step{Enter}'); //   cy.contains('Google Search').click()\ncy.wait(5000);\ncy.contains('Videos').click();",
          "err": {},
          "uuid": "3369b273-fe6f-471e-b5a8-4abe74569fa8",
          "parentUUID": "eabebc98-9858-4b05-8412-cafe66259189",
          "isHook": false,
          "skipped": false
        }
      ],
      "suites": [],
      "passes": [
        "3369b273-fe6f-471e-b5a8-4abe74569fa8"
      ],
      "failures": [],
      "pending": [],
      "skipped": [],
      "duration": 39198,
      "root": true,
      "rootEmpty": false,
      "_timeout": 2000
    }
  ],
  "meta": {
    "mocha": {
      "version": "7.0.1"
    },
    "mochawesome": {
      "options": {
        "quiet": false,
        "reportFilename": "mochawesome",
        "saveHtml": false,
        "saveJson": true,
        "consoleReporter": "spec",
        "useInlineDiffs": false,
        "code": true
      },
      "version": "7.1.3"
    },
    "marge": {
      "options": {
        "charts": "true",
        "overwrite": "true",
        "json": "true",
        "html": "false",
        "reportDir": "cypress/reports"
      },
      "version": "6.2.0"
    }
  }
}